2023-08-06 01:24:34.808285 - Initialized conversion of CBT149
2023-08-06 01:24:35.591983 - Received CBT.V505.FILE149.PDS from FILE149.XMI 
2023-08-06 01:24:35.594498 - Found $$$#DATE.txt (text/plain) in CBT.V505.FILE149.PDS, moved to PDS/$$$#DATE
2023-08-06 01:24:35.595540 - Found $$DOC.txt (text/plain) in CBT.V505.FILE149.PDS, moved to PDS/$$DOC
2023-08-06 01:24:35.596695 - Found $ACACTDA.txt (text/plain) in CBT.V505.FILE149.PDS, moved to PDS/$ACACTDA
2023-08-06 01:24:35.597703 - Found $ACACTWK.txt (text/plain) in CBT.V505.FILE149.PDS, moved to PDS/$ACACTWK
2023-08-06 01:24:35.598627 - Found $ACBLDPL.txt (text/plain) in CBT.V505.FILE149.PDS, moved to PDS/$ACBLDPL
2023-08-06 01:24:35.599613 - Found $ACCALL.txt (text/plain) in CBT.V505.FILE149.PDS, moved to PDS/$ACCALL
2023-08-06 01:24:35.600550 - Found $ACDC.txt (text/plain) in CBT.V505.FILE149.PDS, moved to PDS/$ACDC
2023-08-06 01:24:35.601455 - Found $ACENTER.txt (text/plain) in CBT.V505.FILE149.PDS, moved to PDS/$ACENTER
2023-08-06 01:24:35.602390 - Found $ACFSORT.txt (text/plain) in CBT.V505.FILE149.PDS, moved to PDS/$ACFSORT
2023-08-06 01:24:35.603333 - Found $ACFSVC.txt (text/plain) in CBT.V505.FILE149.PDS, moved to PDS/$ACFSVC
2023-08-06 01:24:35.604204 - Found $ACGBLS.txt (text/plain) in CBT.V505.FILE149.PDS, moved to PDS/$ACGBLS
2023-08-06 01:24:35.605055 - Found $ACINERR.txt (text/plain) in CBT.V505.FILE149.PDS, moved to PDS/$ACINERR
2023-08-06 01:24:35.606044 - Found $ACINNER.txt (text/plain) in CBT.V505.FILE149.PDS, moved to PDS/$ACINNER
2023-08-06 01:24:35.606988 - Found $ACINNRB.txt (text/plain) in CBT.V505.FILE149.PDS, moved to PDS/$ACINNRB
2023-08-06 01:24:35.607877 - Found $ACLIDCK.txt (text/plain) in CBT.V505.FILE149.PDS, moved to PDS/$ACLIDCK
2023-08-06 01:24:35.608784 - Found $ACMAP.txt (text/plain) in CBT.V505.FILE149.PDS, moved to PDS/$ACMAP
2023-08-06 01:24:35.609706 - Found $ACMUS.txt (text/plain) in CBT.V505.FILE149.PDS, moved to PDS/$ACMUS
2023-08-06 01:24:35.610561 - Found $ACPRTPM.txt (text/plain) in CBT.V505.FILE149.PDS, moved to PDS/$ACPRTPM
2023-08-06 01:24:35.611584 - Found $ACRET.txt (text/plain) in CBT.V505.FILE149.PDS, moved to PDS/$ACRET
2023-08-06 01:24:35.612471 - Found $ACSUB.txt (text/plain) in CBT.V505.FILE149.PDS, moved to PDS/$ACSUB
2023-08-06 01:24:35.613322 - Found $ACTMP.txt (text/plain) in CBT.V505.FILE149.PDS, moved to PDS/$ACTMP
2023-08-06 01:24:35.614371 - Found $ACTSOPL.txt (text/plain) in CBT.V505.FILE149.PDS, moved to PDS/$ACTSOPL
2023-08-06 01:24:35.615302 - Found $CMSLOAD.txt (text/plain) in CBT.V505.FILE149.PDS, moved to PDS/$CMSLOAD
2023-08-06 01:24:35.616235 - Found $COMPARE.txt (text/plain) in CBT.V505.FILE149.PDS, moved to PDS/$COMPARE
2023-08-06 01:24:35.617178 - Found $ESDXREF.txt (text/plain) in CBT.V505.FILE149.PDS, moved to PDS/$ESDXREF
2023-08-06 01:24:35.618046 - Found $IXTOFMT.txt (text/plain) in CBT.V505.FILE149.PDS, moved to PDS/$IXTOFMT
2023-08-06 01:24:35.618917 - Found $JOIN.txt (text/plain) in CBT.V505.FILE149.PDS, moved to PDS/$JOIN
2023-08-06 01:24:35.619830 - Found $RHEXFMT.txt (text/plain) in CBT.V505.FILE149.PDS, moved to PDS/$RHEXFMT
2023-08-06 01:24:35.620673 - Found $UNIQUE.txt (text/plain) in CBT.V505.FILE149.PDS, moved to PDS/$UNIQUE
2023-08-06 01:24:35.621542 - Found @ACNSWAP.txt (text/plain) in CBT.V505.FILE149.PDS, moved to PDS/@ACNSWAP
2023-08-06 01:24:35.622395 - Found @CNEDFSE.txt (text/plain) in CBT.V505.FILE149.PDS, moved to PDS/@CNEDFSE
2023-08-06 01:24:35.623237 - Found @EAVNP99.txt (text/plain) in CBT.V505.FILE149.PDS, moved to PDS/@EAVNP99
2023-08-06 01:24:35.624060 - Found @FILE149.txt (text/plain) in CBT.V505.FILE149.PDS, moved to PDS/@FILE149
2023-08-06 01:24:35.624876 - Found @IEFU83.txt (text/plain) in CBT.V505.FILE149.PDS, moved to PDS/@IEFU83
2023-08-06 01:24:35.626144 - Found CCNEDFSE.jcl (text/plain) in CBT.V505.FILE149.PDS, moved to PDS/CCNEDFSE
2023-08-06 01:24:35.627130 - Found CCNEDFSH.jcl (text/plain) in CBT.V505.FILE149.PDS, moved to PDS/CCNEDFSH
2023-08-06 01:24:35.628080 - Found CMSLOAD.jcl (text/plain) in CBT.V505.FILE149.PDS, moved to PDS/CMSLOAD
2023-08-06 01:24:35.629027 - Found COMPARE.jcl (text/plain) in CBT.V505.FILE149.PDS, moved to PDS/COMPARE
2023-08-06 01:24:35.630044 - Found COMPLOA$.jcl (text/plain) in CBT.V505.FILE149.PDS, moved to PDS/COMPLOA$
2023-08-06 01:24:35.631045 - Found COMPLOAD.txt (text/plain) in CBT.V505.FILE149.PDS, moved to PDS/COMPLOAD
2023-08-06 01:24:35.631933 - Found DUMPINFO.jcl (text/plain) in CBT.V505.FILE149.PDS, moved to PDS/DUMPINFO
2023-08-06 01:24:35.632904 - Found ENQ.jcl (text/plain) in CBT.V505.FILE149.PDS, moved to PDS/ENQ
2023-08-06 01:24:35.633927 - Found ESDXREF.jcl (text/plain) in CBT.V505.FILE149.PDS, moved to PDS/ESDXREF
2023-08-06 01:24:35.634841 - Found IEAVNP99.jcl (text/plain) in CBT.V505.FILE149.PDS, moved to PDS/IEAVNP99
2023-08-06 01:24:35.635697 - Found IEFU83.jcl (text/plain) in CBT.V505.FILE149.PDS, moved to PDS/IEFU83
2023-08-06 01:24:35.636511 - Found IXTOFMT5.jcl (text/plain) in CBT.V505.FILE149.PDS, moved to PDS/IXTOFMT5
2023-08-06 01:24:35.637343 - Found JOIN.jcl (text/plain) in CBT.V505.FILE149.PDS, moved to PDS/JOIN
2023-08-06 01:24:35.638182 - Found LISTGRP.jcl (text/plain) in CBT.V505.FILE149.PDS, moved to PDS/LISTGRP
2023-08-06 01:24:35.639052 - Found LISTSPC.jcl (text/plain) in CBT.V505.FILE149.PDS, moved to PDS/LISTSPC
2023-08-06 01:24:35.639864 - Found MOVEZAP.jcl (text/plain) in CBT.V505.FILE149.PDS, moved to PDS/MOVEZAP
2023-08-06 01:24:35.640829 - Found OACACTDA.txt (text/plain) in CBT.V505.FILE149.PDS, moved to PDS/OACACTDA
2023-08-06 01:24:35.641816 - Found OACACTW@.txt (text/plain) in CBT.V505.FILE149.PDS, moved to PDS/OACACTW@
2023-08-06 01:24:35.642687 - Found OACACTWK.txt (text/plain) in CBT.V505.FILE149.PDS, moved to PDS/OACACTWK
2023-08-06 01:24:35.643507 - Found OACBLDPL.txt (text/plain) in CBT.V505.FILE149.PDS, moved to PDS/OACBLDPL
2023-08-06 01:24:35.644317 - Found OACCALL.txt (text/plain) in CBT.V505.FILE149.PDS, moved to PDS/OACCALL
2023-08-06 01:24:35.645284 - Found OACDC.txt (text/plain) in CBT.V505.FILE149.PDS, moved to PDS/OACDC
2023-08-06 01:24:35.646278 - Found OACDROP.txt (text/plain) in CBT.V505.FILE149.PDS, moved to PDS/OACDROP
2023-08-06 01:24:35.647142 - Found OACENTER.txt (text/plain) in CBT.V505.FILE149.PDS, moved to PDS/OACENTER
2023-08-06 01:24:35.647948 - Found OACFSORT.txt (text/plain) in CBT.V505.FILE149.PDS, moved to PDS/OACFSORT
2023-08-06 01:24:35.648792 - Found OACFSVC.txt (text/plain) in CBT.V505.FILE149.PDS, moved to PDS/OACFSVC
2023-08-06 01:24:35.649862 - Found OACFS0RT.jcl (text/plain) in CBT.V505.FILE149.PDS, moved to PDS/OACFS0RT
2023-08-06 01:24:35.650764 - Found OACGBLS.txt (text/plain) in CBT.V505.FILE149.PDS, moved to PDS/OACGBLS
2023-08-06 01:24:35.651684 - Found OACINERR.txt (text/plain) in CBT.V505.FILE149.PDS, moved to PDS/OACINERR
2023-08-06 01:24:35.652639 - Found OACINNE@.txt (text/plain) in CBT.V505.FILE149.PDS, moved to PDS/OACINNE@
2023-08-06 01:24:35.653608 - Found OACINNER.txt (text/plain) in CBT.V505.FILE149.PDS, moved to PDS/OACINNER
2023-08-06 01:24:35.654767 - Found OACINNRB.txt (text/plain) in CBT.V505.FILE149.PDS, moved to PDS/OACINNRB
2023-08-06 01:24:35.655706 - Found OACINUSE.txt (text/plain) in CBT.V505.FILE149.PDS, moved to PDS/OACINUSE
2023-08-06 01:24:35.656764 - Found OACJSUVT.txt (text/plain) in CBT.V505.FILE149.PDS, moved to PDS/OACJSUVT
2023-08-06 01:24:35.657876 - Found OACMAP.txt (text/plain) in CBT.V505.FILE149.PDS, moved to PDS/OACMAP
2023-08-06 01:24:35.658784 - Found OACMOVE.jcl (text/plain) in CBT.V505.FILE149.PDS, moved to PDS/OACMOVE
2023-08-06 01:24:35.659784 - Found OACMUS.txt (text/plain) in CBT.V505.FILE149.PDS, moved to PDS/OACMUS
2023-08-06 01:24:35.660737 - Found OACNSWAP.jcl (text/plain) in CBT.V505.FILE149.PDS, moved to PDS/OACNSWAP
2023-08-06 01:24:35.661707 - Found OACPRTPM.txt (text/plain) in CBT.V505.FILE149.PDS, moved to PDS/OACPRTPM
2023-08-06 01:24:35.662662 - Found OACREGS.txt (text/plain) in CBT.V505.FILE149.PDS, moved to PDS/OACREGS
2023-08-06 01:24:35.663614 - Found OACRET.txt (text/plain) in CBT.V505.FILE149.PDS, moved to PDS/OACRET
2023-08-06 01:24:35.664536 - Found OACSUB.txt (text/plain) in CBT.V505.FILE149.PDS, moved to PDS/OACSUB
2023-08-06 01:24:35.665458 - Found OACTMP.txt (text/plain) in CBT.V505.FILE149.PDS, moved to PDS/OACTMP
2023-08-06 01:24:35.666424 - Found OACTSOPL.txt (text/plain) in CBT.V505.FILE149.PDS, moved to PDS/OACTSOPL
2023-08-06 01:24:35.667396 - Found OACUSING.txt (text/plain) in CBT.V505.FILE149.PDS, moved to PDS/OACUSING
2023-08-06 01:24:35.668245 - Found OACUVT.txt (text/plain) in CBT.V505.FILE149.PDS, moved to PDS/OACUVT
2023-08-06 01:24:35.669086 - Found OACVTOC.txt (text/plain) in CBT.V505.FILE149.PDS, moved to PDS/OACVTOC
2023-08-06 01:24:35.670060 - Found OLDENTER.txt (text/plain) in CBT.V505.FILE149.PDS, moved to PDS/OLDENTER
2023-08-06 01:24:35.670962 - Found OLDMUS.txt (text/plain) in CBT.V505.FILE149.PDS, moved to PDS/OLDMUS
2023-08-06 01:24:35.671881 - Found PTFXREF.jcl (text/plain) in CBT.V505.FILE149.PDS, moved to PDS/PTFXREF
2023-08-06 01:24:35.672858 - Found SALVAGE.jcl (text/plain) in CBT.V505.FILE149.PDS, moved to PDS/SALVAGE
2023-08-06 01:24:35.673817 - Found SMPULCMP.jcl (text/plain) in CBT.V505.FILE149.PDS, moved to PDS/SMPULCMP
2023-08-06 01:24:35.674727 - Found TAPEMAP.txt (text/plain) in CBT.V505.FILE149.PDS, moved to PDS/TAPEMAP
2023-08-06 01:24:35.675646 - Found UNIQUE.jcl (text/plain) in CBT.V505.FILE149.PDS, moved to PDS/UNIQUE
2023-08-06 01:24:35.676549 - Found URHEXFMT.txt (text/plain) in CBT.V505.FILE149.PDS, moved to PDS/URHEXFMT
2023-08-06 01:24:35.677545 - Found USERS.jcl (text/plain) in CBT.V505.FILE149.PDS, moved to PDS/USERS
2023-08-06 01:24:35.678644 - Found VTOCLIST.jcl (text/plain) in CBT.V505.FILE149.PDS, moved to PDS/VTOCLIST
